07.11.2013 13:17:03	This log contains information about the import schema operation into project 'Books.DB' on computer 'VRN25' by user 'suleinv'.
07.11.2013 13:17:03	Import of database schema has started.
07.11.2013 13:17:07	Gathering database options
07.11.2013 13:17:07	Gathering users
07.11.2013 13:17:07	Gathering roles
07.11.2013 13:17:07	Gathering application roles
07.11.2013 13:17:08	Gathering role memberships
07.11.2013 13:17:08	Gathering filegroups
07.11.2013 13:17:08	Gathering full-text catalogs
07.11.2013 13:17:08	Gathering assemblies
07.11.2013 13:17:08	Gathering certificates
07.11.2013 13:17:08	Gathering asymmetric keys
07.11.2013 13:17:08	Gathering symmetric keys
07.11.2013 13:17:08	Gathering encrypted symmetric keys
07.11.2013 13:17:08	Gathering schemas
07.11.2013 13:17:08	Gathering XML schema collections
07.11.2013 13:17:08	Gathering user-defined data types
07.11.2013 13:17:08	Gathering user-defined types
07.11.2013 13:17:08	Gathering table types
07.11.2013 13:17:08	Gathering unique keys for table types
07.11.2013 13:17:08	Gathering primary keys for table types
07.11.2013 13:17:08	Gathering check constraints for table types
07.11.2013 13:17:08	Gathering default constraints for table types
07.11.2013 13:17:08	Gathering partition functions
07.11.2013 13:17:08	Gathering partition schemes
07.11.2013 13:17:08	Gathering functions
07.11.2013 13:17:08	Gathering encrypted functions
07.11.2013 13:17:08	Gathering aggregates
07.11.2013 13:17:08	Gathering procedures
07.11.2013 13:17:08	Gathering encrypted procedures
07.11.2013 13:17:08	Gathering tables
07.11.2013 13:17:08	Gathering primary keys
07.11.2013 13:17:08	Gathering unique constraints
07.11.2013 13:17:08	Gathering foreign keys
07.11.2013 13:17:08	Gathering default constraints
07.11.2013 13:17:08	Gathering check constraints
07.11.2013 13:17:08	Gathering views
07.11.2013 13:17:08	Gathering encrypted views
07.11.2013 13:17:08	Gathering indexes
07.11.2013 13:17:08	Gathering statistics
07.11.2013 13:17:08	Gathering full-text index stoplists
07.11.2013 13:17:08	Gathering search property lists
07.11.2013 13:17:08	Gathering search properties
07.11.2013 13:17:08	Gathering full-text indexes
07.11.2013 13:17:08	Gathering column store indexes
07.11.2013 13:17:08	Gathering spatial indexes
07.11.2013 13:17:08	Gathering XML indexes
07.11.2013 13:17:08	Gathering encrypted triggers
07.11.2013 13:17:08	Gathering triggers
07.11.2013 13:17:08	Gathering encrypted and clr ddl triggers
07.11.2013 13:17:08	Gathering ddl triggers
07.11.2013 13:17:08	Gathering synonyms
07.11.2013 13:17:08	Gathering defaults
07.11.2013 13:17:08	Gathering data constraint uddt bindings
07.11.2013 13:17:08	Gathering rules
07.11.2013 13:17:08	Gathering data constraint uddt bindings
07.11.2013 13:17:08	Gathering message types
07.11.2013 13:17:08	Gathering queues
07.11.2013 13:17:08	Gathering contracts
07.11.2013 13:17:08	Gathering services
07.11.2013 13:17:08	Gathering event notifications
07.11.2013 13:17:08	Gathering remote service bindings
07.11.2013 13:17:08	Gathering broker priorities
07.11.2013 13:17:08	Gathering signatures
07.11.2013 13:17:08	Gathering data compression options
07.11.2013 13:17:08	Gathering sequence types
07.11.2013 13:17:08	Gathering extended properties
07.11.2013 13:17:08	Gathering credentials
07.11.2013 13:17:08	Gathering logins
07.11.2013 13:17:08	Gathering server audits
07.11.2013 13:17:08	Scanning project for duplicate elements
07.11.2013 13:17:08	Finished duplicate element processing
07.11.2013 13:17:08	Finished importing database.
07.11.2013 13:17:08	A summary of the import was saved to the following location: c:\users\suleinv\documents\visual studio 2012\Projects\Books\Books.DB\Import Schema Logs\Books.DB_20131107091703.log
07.11.2013 13:17:08	Click Finish to continue...
